{
  "summary": {
    "outcome": "Failed",
    "testsRan": 1,
    "passing": 0,
    "failing": 1,
    "skipped": 0,
    "passRate": "0%",
    "failRate": "100%",
    "skipRate": "0%",
    "testStartTime": "Fri Nov 05 2021 15:45:13",
    "testExecutionTimeInMs": 344,
    "testTotalTimeInMs": 344,
    "commandTimeInMs": 97,
    "hostname": "https://resourceful-koala-fluhag-dev-ed.my.salesforce.com",
    "orgId": "00D7Q000000KSrkUAG",
    "username": "marwa-majdoub@resourceful-koala-fluhag.com",
    "testRunId": "7077Q000000EMAQ",
    "userId": "0057Q000000qWuAQAU"
  },
  "tests": [
    {
      "id": "07M7Q000000TZUOUA4",
      "queueItemId": "7097Q000000saAXQAY",
      "stackTrace": "Class.testUpdateAccountCA.test: line 29, column 1",
      "message": "System.AssertException: Assertion Failed: 0: Expected: null, Actual: 21500",
      "asyncApexJobId": "7077Q000000EMAQQA4",
      "methodName": "test",
      "outcome": "Fail",
      "apexLogId": "07L7Q000000ojT3UAI",
      "apexClass": {
        "id": "01p7Q000001edKJQAY",
        "name": "testUpdateAccountCA",
        "namespacePrefix": null,
        "fullName": "testUpdateAccountCA"
      },
      "runTime": 344,
      "testTimestamp": "2021-11-05T14:45:13.000+0000",
      "fullName": "testUpdateAccountCA.test",
      "diagnostic": {
        "exceptionMessage": "System.AssertException: Assertion Failed: 0: Expected: null, Actual: 21500",
        "exceptionStackTrace": "Class.testUpdateAccountCA.test: line 29, column 1",
        "className": "testUpdateAccountCA",
        "compileProblem": "",
        "lineNumber": 29,
        "columnNumber": 1
      }
    }
  ]
}