{
  "summary": {
    "outcome": "Failed",
    "testsRan": 2,
    "passing": 1,
    "failing": 1,
    "skipped": 0,
    "passRate": "50%",
    "failRate": "50%",
    "skipRate": "0%",
    "testStartTime": "Tue Nov 23 2021 12:12:11",
    "testExecutionTimeInMs": 1227,
    "testTotalTimeInMs": 1227,
    "commandTimeInMs": 104,
    "hostname": "https://resourceful-koala-fluhag-dev-ed.my.salesforce.com",
    "orgId": "00D7Q000000KSrkUAG",
    "username": "marwa-majdoub@resourceful-koala-fluhag.com",
    "testRunId": "7077Q000002uUf2",
    "userId": "0057Q000000qWuAQAU"
  },
  "tests": [
    {
      "id": "07M7Q000000ThiYUAS",
      "queueItemId": "7097Q000000sbOtQAI",
      "stackTrace": null,
      "message": null,
      "asyncApexJobId": "7077Q000002uUf2QAE",
      "methodName": "test",
      "outcome": "Pass",
      "apexLogId": "07L7Q000000p7OUUAY",
      "apexClass": {
        "id": "01p7Q000001edKJQAY",
        "name": "testUpdateAccountCA",
        "namespacePrefix": null,
        "fullName": "testUpdateAccountCA"
      },
      "runTime": 741,
      "testTimestamp": "2021-11-23T11:12:12.000+0000",
      "fullName": "testUpdateAccountCA.test"
    },
    {
      "id": "07M7Q000000ThiZUAS",
      "queueItemId": "7097Q000000sbOtQAI",
      "stackTrace": "Class.TestDataFactory.creatCentOrders: line 79, column 1\nClass.testUpdateAccountCA.test2: line 27, column 1",
      "message": "System.DmlException: Insert failed. First exception on row 0; first error: REQUIRED_FIELD_MISSING, Missing value for required field(s): Commande: []",
      "asyncApexJobId": "7077Q000002uUf2QAE",
      "methodName": "test2",
      "outcome": "Fail",
      "apexLogId": "07L7Q000000p7OUUAY",
      "apexClass": {
        "id": "01p7Q000001edKJQAY",
        "name": "testUpdateAccountCA",
        "namespacePrefix": null,
        "fullName": "testUpdateAccountCA"
      },
      "runTime": 486,
      "testTimestamp": "2021-11-23T11:12:13.000+0000",
      "fullName": "testUpdateAccountCA.test2",
      "diagnostic": {
        "exceptionMessage": "System.DmlException: Insert failed. First exception on row 0; first error: REQUIRED_FIELD_MISSING, Missing value for required field(s): Commande: []",
        "exceptionStackTrace": "Class.TestDataFactory.creatCentOrders: line 79, column 1\nClass.testUpdateAccountCA.test2: line 27, column 1",
        "className": "TestDataFactory",
        "compileProblem": "",
        "lineNumber": 79,
        "columnNumber": 1
      }
    }
  ]
}