{
  "summary": {
    "outcome": "Failed",
    "testsRan": 2,
    "passing": 0,
    "failing": 2,
    "skipped": 0,
    "passRate": "0%",
    "failRate": "100%",
    "skipRate": "0%",
    "testStartTime": "Wed Nov 24 2021 15:38:33",
    "testExecutionTimeInMs": 1827,
    "testTotalTimeInMs": 1827,
    "commandTimeInMs": 96,
    "hostname": "https://resourceful-koala-fluhag-dev-ed.my.salesforce.com",
    "orgId": "00D7Q000000KSrkUAG",
    "username": "marwa-majdoub@resourceful-koala-fluhag.com",
    "testRunId": "7077Q000002ujPH",
    "userId": "0057Q000000qWuAQAU"
  },
  "tests": [
    {
      "id": "07M7Q000000TiSRUA0",
      "queueItemId": "7097Q000000sblCQAQ",
      "stackTrace": "Class.TestTriggerCalculMontant.test_UpdateNetAmount: line 19, column 1",
      "message": "System.AssertException: Assertion Failed: Expected: null, Actual: 21300",
      "asyncApexJobId": "7077Q000002ujPHQAY",
      "methodName": "test_UpdateNetAmount",
      "outcome": "Fail",
      "apexLogId": "07L7Q000000pBQdUAM",
      "apexClass": {
        "id": "01p7Q000003E1CRQA0",
        "name": "TestTriggerCalculMontant",
        "namespacePrefix": null,
        "fullName": "TestTriggerCalculMontant"
      },
      "runTime": 35,
      "testTimestamp": "2021-11-24T14:38:34.000+0000",
      "fullName": "TestTriggerCalculMontant.test_UpdateNetAmount",
      "diagnostic": {
        "exceptionMessage": "System.AssertException: Assertion Failed: Expected: null, Actual: 21300",
        "exceptionStackTrace": "Class.TestTriggerCalculMontant.test_UpdateNetAmount: line 19, column 1",
        "className": "TestTriggerCalculMontant",
        "compileProblem": "",
        "lineNumber": 19,
        "columnNumber": 1
      }
    },
    {
      "id": "07M7Q000000TiSSUA0",
      "queueItemId": "7097Q000000sblCQAQ",
      "stackTrace": "Class.TestTriggerCalculMontant.test_UpdateOneOrder_ShipCost_From100: line 37, column 1",
      "message": "System.AssertException: Assertion Failed: Expected: null, Actual: 21200",
      "asyncApexJobId": "7077Q000002ujPHQAY",
      "methodName": "test_UpdateOneOrder_ShipCost_From100",
      "outcome": "Fail",
      "apexLogId": "07L7Q000000pBQdUAM",
      "apexClass": {
        "id": "01p7Q000003E1CRQA0",
        "name": "TestTriggerCalculMontant",
        "namespacePrefix": null,
        "fullName": "TestTriggerCalculMontant"
      },
      "runTime": 1792,
      "testTimestamp": "2021-11-24T14:38:34.000+0000",
      "fullName": "TestTriggerCalculMontant.test_UpdateOneOrder_ShipCost_From100",
      "diagnostic": {
        "exceptionMessage": "System.AssertException: Assertion Failed: Expected: null, Actual: 21200",
        "exceptionStackTrace": "Class.TestTriggerCalculMontant.test_UpdateOneOrder_ShipCost_From100: line 37, column 1",
        "className": "TestTriggerCalculMontant",
        "compileProblem": "",
        "lineNumber": 37,
        "columnNumber": 1
      }
    }
  ]
}