{
  "summary": {
    "outcome": "Failed",
    "testsRan": 1,
    "passing": 0,
    "failing": 1,
    "skipped": 0,
    "passRate": "0%",
    "failRate": "100%",
    "skipRate": "0%",
    "testStartTime": "Fri Nov 05 2021 14:55:48",
    "testExecutionTimeInMs": 331,
    "testTotalTimeInMs": 331,
    "commandTimeInMs": 104,
    "hostname": "https://resourceful-koala-fluhag-dev-ed.my.salesforce.com",
    "orgId": "00D7Q000000KSrkUAG",
    "username": "marwa-majdoub@resourceful-koala-fluhag.com",
    "testRunId": "7077Q000000EM1Y",
    "userId": "0057Q000000qWuAQAU"
  },
  "tests": [
    {
      "id": "07M7Q000000TZSwUAO",
      "queueItemId": "7097Q000000sa9FQAQ",
      "stackTrace": "Class.testUpdateAccountCA.test: line 27, column 1",
      "message": "System.AssertException: Assertion Failed: Same value: null",
      "asyncApexJobId": "7077Q000000EM1YQAW",
      "methodName": "test",
      "outcome": "Fail",
      "apexLogId": "07L7Q000000ojQdUAI",
      "apexClass": {
        "id": "01p7Q000001edKJQAY",
        "name": "testUpdateAccountCA",
        "namespacePrefix": null,
        "fullName": "testUpdateAccountCA"
      },
      "runTime": 331,
      "testTimestamp": "2021-11-05T13:55:48.000+0000",
      "fullName": "testUpdateAccountCA.test",
      "diagnostic": {
        "exceptionMessage": "System.AssertException: Assertion Failed: Same value: null",
        "exceptionStackTrace": "Class.testUpdateAccountCA.test: line 27, column 1",
        "className": "testUpdateAccountCA",
        "compileProblem": "",
        "lineNumber": 27,
        "columnNumber": 1
      }
    }
  ]
}