{
  "summary": {
    "outcome": "Failed",
    "testsRan": 1,
    "passing": 0,
    "failing": 1,
    "skipped": 0,
    "passRate": "0%",
    "failRate": "100%",
    "skipRate": "0%",
    "testStartTime": "Wed Nov 24 2021 11:19:34",
    "testExecutionTimeInMs": 379,
    "testTotalTimeInMs": 379,
    "commandTimeInMs": 135,
    "hostname": "https://resourceful-koala-fluhag-dev-ed.my.salesforce.com",
    "orgId": "00D7Q000000KSrkUAG",
    "username": "marwa-majdoub@resourceful-koala-fluhag.com",
    "testRunId": "7077Q000002uhBI",
    "userId": "0057Q000000qWuAQAU"
  },
  "tests": [
    {
      "id": "07M7Q000000TiEoUAK",
      "queueItemId": "7097Q000000sbd8QAA",
      "stackTrace": "Class.TestTriggerCalculMontant.test_UpdateNetAmount: line 19, column 1",
      "message": "System.AssertException: Assertion Failed: Expected: null, Actual: 21300",
      "asyncApexJobId": "7077Q000002uhBIQAY",
      "methodName": "test_UpdateNetAmount",
      "outcome": "Fail",
      "apexLogId": null,
      "apexClass": {
        "id": "01p7Q000003E1CRQA0",
        "name": "TestTriggerCalculMontant",
        "namespacePrefix": null,
        "fullName": "TestTriggerCalculMontant"
      },
      "runTime": 379,
      "testTimestamp": "2021-11-24T10:19:35.000+0000",
      "fullName": "TestTriggerCalculMontant.test_UpdateNetAmount",
      "diagnostic": {
        "exceptionMessage": "System.AssertException: Assertion Failed: Expected: null, Actual: 21300",
        "exceptionStackTrace": "Class.TestTriggerCalculMontant.test_UpdateNetAmount: line 19, column 1",
        "className": "TestTriggerCalculMontant",
        "compileProblem": "",
        "lineNumber": 19,
        "columnNumber": 1
      }
    }
  ]
}