{
  "summary": {
    "outcome": "Failed",
    "testsRan": 1,
    "passing": 0,
    "failing": 1,
    "skipped": 0,
    "passRate": "0%",
    "failRate": "100%",
    "skipRate": "0%",
    "testStartTime": "Fri Nov 05 2021 15:06:15",
    "testExecutionTimeInMs": 227,
    "testTotalTimeInMs": 227,
    "commandTimeInMs": 123,
    "hostname": "https://resourceful-koala-fluhag-dev-ed.my.salesforce.com",
    "orgId": "00D7Q000000KSrkUAG",
    "username": "marwa-majdoub@resourceful-koala-fluhag.com",
    "testRunId": "7077Q000000EM43",
    "userId": "0057Q000000qWuAQAU"
  },
  "tests": [
    {
      "id": "07M7Q000000TZTBUA4",
      "queueItemId": "7097Q000000sa9UQAQ",
      "stackTrace": "Class.testUpdateAccountCA.test: line 27, column 1",
      "message": "System.AssertException: Assertion Failed: Same value: null",
      "asyncApexJobId": "7077Q000000EM43QAG",
      "methodName": "test",
      "outcome": "Fail",
      "apexLogId": "07L7Q000000ojQsUAI",
      "apexClass": {
        "id": "01p7Q000001edKJQAY",
        "name": "testUpdateAccountCA",
        "namespacePrefix": null,
        "fullName": "testUpdateAccountCA"
      },
      "runTime": 227,
      "testTimestamp": "2021-11-05T14:06:15.000+0000",
      "fullName": "testUpdateAccountCA.test",
      "diagnostic": {
        "exceptionMessage": "System.AssertException: Assertion Failed: Same value: null",
        "exceptionStackTrace": "Class.testUpdateAccountCA.test: line 27, column 1",
        "className": "testUpdateAccountCA",
        "compileProblem": "",
        "lineNumber": 27,
        "columnNumber": 1
      }
    }
  ]
}