{
  "summary": {
    "outcome": "Failed",
    "testsRan": 4,
    "passing": 3,
    "failing": 1,
    "skipped": 0,
    "passRate": "75%",
    "failRate": "25%",
    "skipRate": "0%",
    "testStartTime": "Wed Nov 24 2021 12:38:26",
    "testExecutionTimeInMs": 6145,
    "testTotalTimeInMs": 6145,
    "commandTimeInMs": 128,
    "hostname": "https://resourceful-koala-fluhag-dev-ed.my.salesforce.com",
    "orgId": "00D7Q000000KSrkUAG",
    "username": "marwa-majdoub@resourceful-koala-fluhag.com",
    "testRunId": "7077Q000002uht5",
    "userId": "0057Q000000qWuAQAU"
  },
  "tests": [
    {
      "id": "07M7Q000000TiJgUAK",
      "queueItemId": "7097Q000000sbfsQAA",
      "stackTrace": null,
      "message": null,
      "asyncApexJobId": "7077Q000002uht5QAA",
      "methodName": "test_UpdateOneOrder_Status_From100",
      "outcome": "Pass",
      "apexLogId": null,
      "apexClass": {
        "id": "01p7Q000003E1CSQA0",
        "name": "TestTriggerUpdateAccountCA",
        "namespacePrefix": null,
        "fullName": "TestTriggerUpdateAccountCA"
      },
      "runTime": 1664,
      "testTimestamp": "2021-11-24T11:38:31.000+0000",
      "fullName": "TestTriggerUpdateAccountCA.test_UpdateOneOrder_Status_From100"
    },
    {
      "id": "07M7Q000000TiJeUAK",
      "queueItemId": "7097Q000000sbfsQAA",
      "stackTrace": "Class.TestTriggerUpdateAccountCA.test_UpdateAllOrder_Status: line 70, column 1",
      "message": "System.AssertException: Assertion Failed: Expected: null, Actual: 2150000",
      "asyncApexJobId": "7077Q000002uht5QAA",
      "methodName": "test_UpdateAllOrder_Status",
      "outcome": "Fail",
      "apexLogId": null,
      "apexClass": {
        "id": "01p7Q000003E1CSQA0",
        "name": "TestTriggerUpdateAccountCA",
        "namespacePrefix": null,
        "fullName": "TestTriggerUpdateAccountCA"
      },
      "runTime": 2607,
      "testTimestamp": "2021-11-24T11:38:26.000+0000",
      "fullName": "TestTriggerUpdateAccountCA.test_UpdateAllOrder_Status",
      "diagnostic": {
        "exceptionMessage": "System.AssertException: Assertion Failed: Expected: null, Actual: 2150000",
        "exceptionStackTrace": "Class.TestTriggerUpdateAccountCA.test_UpdateAllOrder_Status: line 70, column 1",
        "className": "TestTriggerUpdateAccountCA",
        "compileProblem": "",
        "lineNumber": 70,
        "columnNumber": 1
      }
    },
    {
      "id": "07M7Q000000TiJfUAK",
      "queueItemId": "7097Q000000sbfsQAA",
      "stackTrace": null,
      "message": null,
      "asyncApexJobId": "7077Q000002uht5QAA",
      "methodName": "test_UpdateOneOrder_ShipCost_From100",
      "outcome": "Pass",
      "apexLogId": null,
      "apexClass": {
        "id": "01p7Q000003E1CSQA0",
        "name": "TestTriggerUpdateAccountCA",
        "namespacePrefix": null,
        "fullName": "TestTriggerUpdateAccountCA"
      },
      "runTime": 1547,
      "testTimestamp": "2021-11-24T11:38:29.000+0000",
      "fullName": "TestTriggerUpdateAccountCA.test_UpdateOneOrder_ShipCost_From100"
    },
    {
      "id": "07M7Q000000TiJhUAK",
      "queueItemId": "7097Q000000sbfsQAA",
      "stackTrace": null,
      "message": null,
      "asyncApexJobId": "7077Q000002uht5QAA",
      "methodName": "test_UpdateOrderStatus",
      "outcome": "Pass",
      "apexLogId": null,
      "apexClass": {
        "id": "01p7Q000003E1CSQA0",
        "name": "TestTriggerUpdateAccountCA",
        "namespacePrefix": null,
        "fullName": "TestTriggerUpdateAccountCA"
      },
      "runTime": 327,
      "testTimestamp": "2021-11-24T11:38:33.000+0000",
      "fullName": "TestTriggerUpdateAccountCA.test_UpdateOrderStatus"
    }
  ]
}