{
  "summary": {
    "outcome": "Failed",
    "testsRan": 1,
    "passing": 0,
    "failing": 1,
    "skipped": 0,
    "passRate": "0%",
    "failRate": "100%",
    "skipRate": "0%",
    "testStartTime": "Wed Nov 24 2021 10:36:47",
    "testExecutionTimeInMs": 36,
    "testTotalTimeInMs": 36,
    "commandTimeInMs": 115,
    "hostname": "https://resourceful-koala-fluhag-dev-ed.my.salesforce.com",
    "orgId": "00D7Q000000KSrkUAG",
    "username": "marwa-majdoub@resourceful-koala-fluhag.com",
    "testRunId": "7077Q000002ug5U",
    "userId": "0057Q000000qWuAQAU"
  },
  "tests": [
    {
      "id": "07M7Q000000TiCnUAK",
      "queueItemId": "7097Q000000sbb8QAA",
      "stackTrace": "Class.P9_SRVTest_Account.test: line 22, column 1",
      "message": "System.AssertException: Assertion Failed: Expected: 1500, Actual: 21500",
      "asyncApexJobId": "7077Q000002ug5UQAQ",
      "methodName": "test",
      "outcome": "Fail",
      "apexLogId": null,
      "apexClass": {
        "id": "01p7Q000003E1CQQA0",
        "name": "P9_SRVTest_Account",
        "namespacePrefix": null,
        "fullName": "P9_SRVTest_Account"
      },
      "runTime": 36,
      "testTimestamp": "2021-11-24T09:36:48.000+0000",
      "fullName": "P9_SRVTest_Account.test",
      "diagnostic": {
        "exceptionMessage": "System.AssertException: Assertion Failed: Expected: 1500, Actual: 21500",
        "exceptionStackTrace": "Class.P9_SRVTest_Account.test: line 22, column 1",
        "className": "P9_SRVTest_Account",
        "compileProblem": "",
        "lineNumber": 22,
        "columnNumber": 1
      }
    }
  ]
}