{
  "summary": {
    "outcome": "Failed",
    "testsRan": 1,
    "passing": 0,
    "failing": 1,
    "skipped": 0,
    "passRate": "0%",
    "failRate": "100%",
    "skipRate": "0%",
    "testStartTime": "Wed Nov 10 2021 21:00:24",
    "testExecutionTimeInMs": 422,
    "testTotalTimeInMs": 422,
    "commandTimeInMs": 121,
    "hostname": "https://resourceful-koala-fluhag-dev-ed.my.salesforce.com",
    "orgId": "00D7Q000000KSrkUAG",
    "username": "marwa-majdoub@resourceful-koala-fluhag.com",
    "testRunId": "7077Q000000EvkI",
    "userId": "0057Q000000qWuAQAU"
  },
  "tests": [
    {
      "id": "07M7Q000000TaaDUAS",
      "queueItemId": "7097Q000000saPBQAY",
      "stackTrace": "Class.testUpdateAccountCA.test: line 46, column 1",
      "message": "System.AssertException: Assertion Failed: Expected: 0, Actual: 21500",
      "asyncApexJobId": "7077Q000000EvkIQAS",
      "methodName": "test",
      "outcome": "Fail",
      "apexLogId": null,
      "apexClass": {
        "id": "01p7Q000001edKJQAY",
        "name": "testUpdateAccountCA",
        "namespacePrefix": null,
        "fullName": "testUpdateAccountCA"
      },
      "runTime": 422,
      "testTimestamp": "2021-11-10T20:00:24.000+0000",
      "fullName": "testUpdateAccountCA.test",
      "diagnostic": {
        "exceptionMessage": "System.AssertException: Assertion Failed: Expected: 0, Actual: 21500",
        "exceptionStackTrace": "Class.testUpdateAccountCA.test: line 46, column 1",
        "className": "testUpdateAccountCA",
        "compileProblem": "",
        "lineNumber": 46,
        "columnNumber": 1
      }
    }
  ]
}