{
  "summary": {
    "outcome": "Failed",
    "testsRan": 2,
    "passing": 1,
    "failing": 1,
    "skipped": 0,
    "passRate": "50%",
    "failRate": "50%",
    "skipRate": "0%",
    "testStartTime": "Tue Nov 23 2021 21:04:34",
    "testExecutionTimeInMs": 2440,
    "testTotalTimeInMs": 2440,
    "commandTimeInMs": 144,
    "hostname": "https://resourceful-koala-fluhag-dev-ed.my.salesforce.com",
    "orgId": "00D7Q000000KSrkUAG",
    "username": "marwa-majdoub@resourceful-koala-fluhag.com",
    "testRunId": "7077Q000002uZJs",
    "userId": "0057Q000000qWuAQAU"
  },
  "tests": [
    {
      "id": "07M7Q000000Ti5rUAC",
      "queueItemId": "7097Q000000sbUyQAI",
      "stackTrace": null,
      "message": null,
      "asyncApexJobId": "7077Q000002uZJsQAM",
      "methodName": "test",
      "outcome": "Pass",
      "apexLogId": "07L7Q000000p9lgUAA",
      "apexClass": {
        "id": "01p7Q000003E1CSQA0",
        "name": "TestTriggerUpdateAccountCA",
        "namespacePrefix": null,
        "fullName": "TestTriggerUpdateAccountCA"
      },
      "runTime": 205,
      "testTimestamp": "2021-11-23T20:04:34.000+0000",
      "fullName": "TestTriggerUpdateAccountCA.test"
    },
    {
      "id": "07M7Q000000Ti5sUAC",
      "queueItemId": "7097Q000000sbUyQAI",
      "stackTrace": "Class.TestTriggerUpdateAccountCA.test2: line 41, column 1",
      "message": "System.AssertException: Assertion Failed",
      "asyncApexJobId": "7077Q000002uZJsQAM",
      "methodName": "test2",
      "outcome": "Fail",
      "apexLogId": "07L7Q000000p9lgUAA",
      "apexClass": {
        "id": "01p7Q000003E1CSQA0",
        "name": "TestTriggerUpdateAccountCA",
        "namespacePrefix": null,
        "fullName": "TestTriggerUpdateAccountCA"
      },
      "runTime": 2235,
      "testTimestamp": "2021-11-23T20:04:35.000+0000",
      "fullName": "TestTriggerUpdateAccountCA.test2",
      "diagnostic": {
        "exceptionMessage": "System.AssertException: Assertion Failed",
        "exceptionStackTrace": "Class.TestTriggerUpdateAccountCA.test2: line 41, column 1",
        "className": "TestTriggerUpdateAccountCA",
        "compileProblem": "",
        "lineNumber": 41,
        "columnNumber": 1
      }
    }
  ]
}