{
  "summary": {
    "outcome": "Failed",
    "testsRan": 1,
    "passing": 0,
    "failing": 1,
    "skipped": 0,
    "passRate": "0%",
    "failRate": "100%",
    "skipRate": "0%",
    "testStartTime": "Tue Nov 09 2021 12:29:09",
    "testExecutionTimeInMs": 284,
    "testTotalTimeInMs": 284,
    "commandTimeInMs": 319,
    "hostname": "https://resourceful-koala-fluhag-dev-ed.my.salesforce.com",
    "orgId": "00D7Q000000KSrkUAG",
    "username": "marwa-majdoub@resourceful-koala-fluhag.com",
    "testRunId": "7077Q000000EhFQ",
    "userId": "0057Q000000qWuAQAU"
  },
  "tests": [
    {
      "id": "07M7Q000000TaP5UAK",
      "queueItemId": "7097Q000000saMcQAI",
      "stackTrace": "Class.testUpdateAccountCA.test: line 35, column 1",
      "message": "System.AssertException: Assertion Failed: Expected: null, Actual: 21500",
      "asyncApexJobId": "7077Q000000EhFQQA0",
      "methodName": "test",
      "outcome": "Fail",
      "apexLogId": null,
      "apexClass": {
        "id": "01p7Q000001edKJQAY",
        "name": "testUpdateAccountCA",
        "namespacePrefix": null,
        "fullName": "testUpdateAccountCA"
      },
      "runTime": 284,
      "testTimestamp": "2021-11-09T11:29:09.000+0000",
      "fullName": "testUpdateAccountCA.test",
      "diagnostic": {
        "exceptionMessage": "System.AssertException: Assertion Failed: Expected: null, Actual: 21500",
        "exceptionStackTrace": "Class.testUpdateAccountCA.test: line 35, column 1",
        "className": "testUpdateAccountCA",
        "compileProblem": "",
        "lineNumber": 35,
        "columnNumber": 1
      }
    }
  ]
}