{
  "summary": {
    "outcome": "Failed",
    "testsRan": 2,
    "passing": 1,
    "failing": 1,
    "skipped": 0,
    "passRate": "50%",
    "failRate": "50%",
    "skipRate": "0%",
    "testStartTime": "Tue Nov 23 2021 11:55:22",
    "testExecutionTimeInMs": 1139,
    "testTotalTimeInMs": 1139,
    "commandTimeInMs": 106,
    "hostname": "https://resourceful-koala-fluhag-dev-ed.my.salesforce.com",
    "orgId": "00D7Q000000KSrkUAG",
    "username": "marwa-majdoub@resourceful-koala-fluhag.com",
    "testRunId": "7077Q000002uUUE",
    "userId": "0057Q000000qWuAQAU"
  },
  "tests": [
    {
      "id": "07M7Q000000ThghUAC",
      "queueItemId": "7097Q000000sbNqQAI",
      "stackTrace": null,
      "message": null,
      "asyncApexJobId": "7077Q000002uUUEQA2",
      "methodName": "test",
      "outcome": "Pass",
      "apexLogId": null,
      "apexClass": {
        "id": "01p7Q000001edKJQAY",
        "name": "testUpdateAccountCA",
        "namespacePrefix": null,
        "fullName": "testUpdateAccountCA"
      },
      "runTime": 662,
      "testTimestamp": "2021-11-23T10:55:23.000+0000",
      "fullName": "testUpdateAccountCA.test"
    },
    {
      "id": "07M7Q000000ThgiUAC",
      "queueItemId": "7097Q000000sbNqQAI",
      "stackTrace": "Class.testUpdateAccountCA.test2: line 32, column 1",
      "message": "System.DmlException: Update failed. First exception on row 0 with id 8017Q000000bnYxQAI; first error: FAILED_ACTIVATION, Une commande doit inclure au moins un produit.: []",
      "asyncApexJobId": "7077Q000002uUUEQA2",
      "methodName": "test2",
      "outcome": "Fail",
      "apexLogId": null,
      "apexClass": {
        "id": "01p7Q000001edKJQAY",
        "name": "testUpdateAccountCA",
        "namespacePrefix": null,
        "fullName": "testUpdateAccountCA"
      },
      "runTime": 477,
      "testTimestamp": "2021-11-23T10:55:24.000+0000",
      "fullName": "testUpdateAccountCA.test2",
      "diagnostic": {
        "exceptionMessage": "System.DmlException: Update failed. First exception on row 0 with id 8017Q000000bnYxQAI; first error: FAILED_ACTIVATION, Une commande doit inclure au moins un produit.: []",
        "exceptionStackTrace": "Class.testUpdateAccountCA.test2: line 32, column 1",
        "className": "testUpdateAccountCA",
        "compileProblem": "",
        "lineNumber": 32,
        "columnNumber": 1
      }
    }
  ]
}