{
  "summary": {
    "outcome": "Failed",
    "testsRan": 1,
    "passing": 0,
    "failing": 1,
    "skipped": 0,
    "passRate": "0%",
    "failRate": "100%",
    "skipRate": "0%",
    "testStartTime": "Fri Nov 26 2021 10:53:45",
    "testExecutionTimeInMs": 60,
    "testTotalTimeInMs": 60,
    "commandTimeInMs": 130,
    "hostname": "https://resourceful-koala-fluhag-dev-ed.my.salesforce.com",
    "orgId": "00D7Q000000KSrkUAG",
    "username": "marwa-majdoub@resourceful-koala-fluhag.com",
    "testRunId": "7077Q000002v4p1",
    "userId": "0057Q000000qWuAQAU"
  },
  "tests": [
    {
      "id": "07M7Q000000TijrUAC",
      "queueItemId": "7097Q000000sbvZQAQ",
      "stackTrace": "Class.P9_SRVTest_Account.test_updateChiffreAffaire: line 22, column 1",
      "message": "System.AssertException: Assertion Failed: Expected: 0, Actual: 21500",
      "asyncApexJobId": "7077Q000002v4p1QAA",
      "methodName": "test_updateChiffreAffaire",
      "outcome": "Fail",
      "apexLogId": null,
      "apexClass": {
        "id": "01p7Q000003E1CQQA0",
        "name": "P9_SRVTest_Account",
        "namespacePrefix": null,
        "fullName": "P9_SRVTest_Account"
      },
      "runTime": 60,
      "testTimestamp": "2021-11-26T09:53:46.000+0000",
      "fullName": "P9_SRVTest_Account.test_updateChiffreAffaire",
      "diagnostic": {
        "exceptionMessage": "System.AssertException: Assertion Failed: Expected: 0, Actual: 21500",
        "exceptionStackTrace": "Class.P9_SRVTest_Account.test_updateChiffreAffaire: line 22, column 1",
        "className": "P9_SRVTest_Account",
        "compileProblem": "",
        "lineNumber": 22,
        "columnNumber": 1
      }
    }
  ]
}