{
  "summary": {
    "outcome": "Failed",
    "testsRan": 1,
    "passing": 0,
    "failing": 1,
    "skipped": 0,
    "passRate": "0%",
    "failRate": "100%",
    "skipRate": "0%",
    "testStartTime": "Fri Nov 05 2021 14:01:00",
    "testExecutionTimeInMs": 228,
    "testTotalTimeInMs": 228,
    "commandTimeInMs": 96,
    "hostname": "https://resourceful-koala-fluhag-dev-ed.my.salesforce.com",
    "orgId": "00D7Q000000KSrkUAG",
    "username": "marwa-majdoub@resourceful-koala-fluhag.com",
    "testRunId": "7077Q000000ELsW",
    "userId": "0057Q000000qWuAQAU"
  },
  "tests": [
    {
      "id": "07M7Q000000TZS8UAO",
      "queueItemId": "7097Q000000sa8RQAQ",
      "stackTrace": "Class.testUpdateAccountCA.test: line 20, column 1",
      "message": "System.DmlException: Insert failed. First exception on row 0; first error: REQUIRED_FIELD_MISSING, Des champs obligatoires n'ont pas été remplis : [EffectiveDate, Status]: [EffectiveDate, Status]",
      "asyncApexJobId": "7077Q000000ELsWQAW",
      "methodName": "test",
      "outcome": "Fail",
      "apexLogId": null,
      "apexClass": {
        "id": "01p7Q000001edKJQAY",
        "name": "testUpdateAccountCA",
        "namespacePrefix": null,
        "fullName": "testUpdateAccountCA"
      },
      "runTime": 228,
      "testTimestamp": "2021-11-05T13:01:00.000+0000",
      "fullName": "testUpdateAccountCA.test",
      "diagnostic": {
        "exceptionMessage": "System.DmlException: Insert failed. First exception on row 0; first error: REQUIRED_FIELD_MISSING, Des champs obligatoires n'ont pas été remplis : [EffectiveDate, Status]: [EffectiveDate, Status]",
        "exceptionStackTrace": "Class.testUpdateAccountCA.test: line 20, column 1",
        "className": "testUpdateAccountCA",
        "compileProblem": "",
        "lineNumber": 20,
        "columnNumber": 1
      }
    }
  ]
}