{
  "summary": {
    "outcome": "Failed",
    "testsRan": 1,
    "passing": 0,
    "failing": 1,
    "skipped": 0,
    "passRate": "0%",
    "failRate": "100%",
    "skipRate": "0%",
    "testStartTime": "Mon Nov 22 2021 13:23:16",
    "testExecutionTimeInMs": 527,
    "testTotalTimeInMs": 527,
    "commandTimeInMs": 110,
    "hostname": "https://resourceful-koala-fluhag-dev-ed.my.salesforce.com",
    "orgId": "00D7Q000000KSrkUAG",
    "username": "marwa-majdoub@resourceful-koala-fluhag.com",
    "testRunId": "7077Q000000GgKt",
    "userId": "0057Q000000qWuAQAU"
  },
  "tests": [
    {
      "id": "07M7Q000000Th9JUAS",
      "queueItemId": "7097Q000000sbGzQAI",
      "stackTrace": "Class.testCalculMontant.test: line 17, column 1",
      "message": "System.AssertException: Assertion Failed: Expected: null, Actual: 21300",
      "asyncApexJobId": "7077Q000000GgKtQAK",
      "methodName": "test",
      "outcome": "Fail",
      "apexLogId": null,
      "apexClass": {
        "id": "01p7Q000003DcwGQAS",
        "name": "testCalculMontant",
        "namespacePrefix": null,
        "fullName": "testCalculMontant"
      },
      "runTime": 527,
      "testTimestamp": "2021-11-22T12:23:17.000+0000",
      "fullName": "testCalculMontant.test",
      "diagnostic": {
        "exceptionMessage": "System.AssertException: Assertion Failed: Expected: null, Actual: 21300",
        "exceptionStackTrace": "Class.testCalculMontant.test: line 17, column 1",
        "className": "testCalculMontant",
        "compileProblem": "",
        "lineNumber": 17,
        "columnNumber": 1
      }
    }
  ]
}